2022/11/25 10:00:24 user Marcus: SUCCESS
2022/11/25 10:00:24 user Marcus: SUCCESS
2022/11/25 10:00:24 user Marcus: SUCCESS
2022/11/25 10:00:24 user Marcus: made a succesfull bid, for amount: 100
2022/11/25 10:00:27 user Silas: SUCCESS
2022/11/25 10:00:27 user Silas: SUCCESS
2022/11/25 10:00:27 user Silas: SUCCESS
2022/11/25 10:00:27 user Silas: made a succesfull bid, for amount: 200
2022/11/25 10:00:31 user Marcus: FAIL
2022/11/25 10:00:31 user Marcus: FAIL
2022/11/25 10:00:31 user Marcus: FAIL
2022/11/25 10:00:31 user Marcus: bid was either too low or auction has ended
2022/11/25 10:00:35 user Marcus: SUCCESS
2022/11/25 10:00:35 user Marcus: SUCCESS
2022/11/25 10:00:35 user Marcus: SUCCESS
2022/11/25 10:00:35 user Marcus: made a succesfull bid, for amount: 300
2022/11/25 10:00:39 user Silas: SUCCESS
2022/11/25 10:00:39 user Silas: SUCCESS
2022/11/25 10:00:39 user Silas: SUCCESS
2022/11/25 10:00:39 user Silas: made a succesfull bid, for amount: 450
2022/11/25 10:00:42 user Marcus: FAIL
2022/11/25 10:00:42 user Marcus: FAIL
2022/11/25 10:00:42 user Marcus: FAIL
2022/11/25 10:00:42 user Marcus: bid was either too low or auction has ended
2022/11/25 10:00:46 user Silas: FAIL
2022/11/25 10:00:46 user Silas: FAIL
2022/11/25 10:00:46 user Silas: FAIL
2022/11/25 10:00:46 user Silas: bid was either too low or auction has ended
2022/11/25 10:01:10 user Marcus: SUCCESS
2022/11/25 10:01:10 user Marcus: ERROR - rpc error: code = Unavailable desc = connection error: desc = "transport: Error while dialing dial tcp :3001: connect: connection refused"
2022/11/25 10:01:10 user Marcus: SUCCESS
2022/11/25 10:01:10 user Marcus: made a succesfull bid, for amount: 500
2022/11/25 10:01:17 user Silas: ERROR - rpc error: code = Unavailable desc = connection error: desc = "transport: Error while dialing dial tcp :3001: connect: connection refused"
2022/11/25 10:01:17 user Silas: Current highest bid: 500 by Marcus
 The auction ends in: 6 seconds
2022/11/25 10:01:20 user Marcus: ERROR - rpc error: code = Unavailable desc = connection error: desc = "transport: Error while dialing dial tcp :3001: connect: connection refused"
2022/11/25 10:01:20 user Marcus: Current highest bid: 500 by Marcus
 The auction ends in: 4 seconds
2022/11/25 10:01:30 user Marcus: ERROR - rpc error: code = Unavailable desc = connection error: desc = "transport: Error while dialing dial tcp :3001: connect: connection refused"
2022/11/25 10:01:30 user Marcus: The auction has ended. The winner was Marcus with the bid: 500
2022/11/25 10:01:32 user Silas: ERROR - rpc error: code = Unavailable desc = connection error: desc = "transport: Error while dialing dial tcp :3001: connect: connection refused"
2022/11/25 10:01:33 user Silas: The auction has ended. The winner was Marcus with the bid: 500
2022/11/25 10:01:35 user Marcus: ERROR - rpc error: code = Unavailable desc = connection error: desc = "transport: Error while dialing dial tcp :3001: connect: connection refused"
2022/11/25 10:01:42 user Marcus: SUCCESS
2022/11/25 10:01:42 user Marcus: ERROR - rpc error: code = Unavailable desc = connection error: desc = "transport: Error while dialing dial tcp :3001: connect: connection refused"
2022/11/25 10:01:42 user Marcus: SUCCESS
2022/11/25 10:01:42 user Marcus: made a succesfull bid, for amount: 100
2022/11/25 10:01:46 user Silas: SUCCESS
2022/11/25 10:01:46 user Silas: ERROR - rpc error: code = Unavailable desc = connection error: desc = "transport: Error while dialing dial tcp :3001: connect: connection refused"
2022/11/25 10:01:46 user Silas: SUCCESS
2022/11/25 10:01:46 user Silas: made a succesfull bid, for amount: 200
